{"name": "ValidLogin", "status": "failed", "statusDetails": {"message": "AssertionError: Expected <Quick Launch77> to be equal to <Quick Launch>, but was not.\n", "trace": "  File \"D:\\Balaji\\Company\\SpringerNature Nov 2025\\BDDFramework\\.venv\\Lib\\site-packages\\behave\\model.py\", line 1991, in run\n    match.run(runner.context)\n    ~~~~~~~~~^^^^^^^^^^^^^^^^\n  File \"D:\\Balaji\\Company\\SpringerNature Nov 2025\\BDDFramework\\.venv\\Lib\\site-packages\\behave\\matchers.py\", line 105, in run\n    self.func(context, *args, **kwargs)\n    ~~~~~~~~~^^^^^^^^^^^^^^^^^^^^^^^^^^\n  File \"tests\\features\\steps\\login_steps.py\", line 32, in step_impl\n    assert_that(expected_value).is_equal_to(actual_value)\n    ~~~~~~~~~~~~~~~~~~~~~~~~~~~~~~~~~~~~~~~^^^^^^^^^^^^^^\n  File \"D:\\Balaji\\Company\\SpringerNature Nov 2025\\BDDFramework\\.venv\\Lib\\site-packages\\assertpy\\base.py\", line 126, in is_equal_to\n    self.error('Expected <%s> to be equal to <%s>, but was not.' % (self.val, other))\n    ~~~~~~~~~~^^^^^^^^^^^^^^^^^^^^^^^^^^^^^^^^^^^^^^^^^^^^^^^^^^^^^^^^^^^^^^^^^^^^^^^\n  File \"D:\\Balaji\\Company\\SpringerNature Nov 2025\\BDDFramework\\.venv\\Lib\\site-packages\\assertpy\\assertpy.py\", line 433, in error\n    raise AssertionError(out)\n"}, "steps": [{"name": "Given user opens browser with OrangeHRM application", "status": "passed", "start": 1765255043268, "stop": 1765255046573}, {"name": "When user enter the username as \"Admin\"", "status": "passed", "start": 1765255046574, "stop": 1765255047069}, {"name": "And user enter the password as \"admin123\"", "status": "passed", "start": 1765255047070, "stop": 1765255047185}, {"name": "And user clicks on login", "status": "passed", "start": 1765255047185, "stop": 1765255047312}, {"name": "Then user should get access to dashboard with header as \"Quick Launch77\"", "status": "failed", "statusDetails": {"message": "AssertionError: Expected <Quick Launch77> to be equal to <Quick Launch>, but was not.\n", "trace": "  File \"D:\\Balaji\\Company\\SpringerNature Nov 2025\\BDDFramework\\.venv\\Lib\\site-packages\\behave\\model.py\", line 1991, in run\n    match.run(runner.context)\n    ~~~~~~~~~^^^^^^^^^^^^^^^^\n  File \"D:\\Balaji\\Company\\SpringerNature Nov 2025\\BDDFramework\\.venv\\Lib\\site-packages\\behave\\matchers.py\", line 105, in run\n    self.func(context, *args, **kwargs)\n    ~~~~~~~~~^^^^^^^^^^^^^^^^^^^^^^^^^^\n  File \"tests\\features\\steps\\login_steps.py\", line 32, in step_impl\n    assert_that(expected_value).is_equal_to(actual_value)\n    ~~~~~~~~~~~~~~~~~~~~~~~~~~~~~~~~~~~~~~~^^^^^^^^^^^^^^\n  File \"D:\\Balaji\\Company\\SpringerNature Nov 2025\\BDDFramework\\.venv\\Lib\\site-packages\\assertpy\\base.py\", line 126, in is_equal_to\n    self.error('Expected <%s> to be equal to <%s>, but was not.' % (self.val, other))\n    ~~~~~~~~~~^^^^^^^^^^^^^^^^^^^^^^^^^^^^^^^^^^^^^^^^^^^^^^^^^^^^^^^^^^^^^^^^^^^^^^^\n  File \"D:\\Balaji\\Company\\SpringerNature Nov 2025\\BDDFramework\\.venv\\Lib\\site-packages\\assertpy\\assertpy.py\", line 433, in error\n    raise AssertionError(out)\n"}, "start": 1765255047313, "stop": 1765255048912}], "start": 1765255041575, "stop": 1765255051280, "uuid": "1589dd69-16c0-4955-8426-929165de563d", "historyId": "4af579d17e2809ea6aeffec3d2118e1c", "testCaseId": "ef03810c344edbcfbaa2a3b4066f1ef3", "fullName": "Login: ValidLogin", "labels": [{"name": "severity", "value": "normal"}, {"name": "tag", "value": "login"}, {"name": "tag", "value": "positive"}, {"name": "tag", "value": "regression"}, {"name": "tag", "value": "smoke"}, {"name": "tag", "value": "valid"}, {"name": "feature", "value": "Login"}, {"name": "framework", "value": "behave"}, {"name": "language", "value": "cpython3"}], "titlePath": ["tests", "features", "Login"]}