{"uid":"b93ca29323016dca","name":"ValidLogin","fullName":"Login: ValidLogin","historyId":"4af579d17e2809ea6aeffec3d2118e1c","time":{"start":1765257793289,"stop":1765257810211,"duration":16922},"description":"Scenario: ValidLogin","descriptionHtml":"<p>Scenario: ValidLogin</p>\n","status":"failed","statusMessage":"AssertionError: Expected <Quick Launch77> to be equal to <Quick Launch>, but was not.\n","statusTrace":"  File \"D:\\Balaji\\Company\\SpringerNature Nov 2025\\BDDFramework\\.venv\\Lib\\site-packages\\behave\\model.py\", line 1991, in run\n    match.run(runner.context)\n    ~~~~~~~~~^^^^^^^^^^^^^^^^\n  File \"D:\\Balaji\\Company\\SpringerNature Nov 2025\\BDDFramework\\.venv\\Lib\\site-packages\\behave\\matchers.py\", line 105, in run\n    self.func(context, *args, **kwargs)\n    ~~~~~~~~~^^^^^^^^^^^^^^^^^^^^^^^^^^\n  File \"tests\\features\\steps\\login_steps.py\", line 34, in step_impl\n    assert_that(expected_value).is_equal_to(actual_value)\n    ~~~~~~~~~~~~~~~~~~~~~~~~~~~~~~~~~~~~~~~^^^^^^^^^^^^^^\n  File \"D:\\Balaji\\Company\\SpringerNature Nov 2025\\BDDFramework\\.venv\\Lib\\site-packages\\assertpy\\base.py\", line 126, in is_equal_to\n    self.error('Expected <%s> to be equal to <%s>, but was not.' % (self.val, other))\n    ~~~~~~~~~~^^^^^^^^^^^^^^^^^^^^^^^^^^^^^^^^^^^^^^^^^^^^^^^^^^^^^^^^^^^^^^^^^^^^^^^\n  File \"D:\\Balaji\\Company\\SpringerNature Nov 2025\\BDDFramework\\.venv\\Lib\\site-packages\\assertpy\\assertpy.py\", line 433, in error\n    raise AssertionError(out)\n","flaky":false,"newFailed":false,"newBroken":false,"newPassed":false,"retriesCount":2,"retriesStatusChange":false,"beforeStages":[],"testStage":{"description":"Scenario: ValidLogin","status":"failed","statusMessage":"AssertionError: Expected <Quick Launch77> to be equal to <Quick Launch>, but was not.\n","statusTrace":"  File \"D:\\Balaji\\Company\\SpringerNature Nov 2025\\BDDFramework\\.venv\\Lib\\site-packages\\behave\\model.py\", line 1991, in run\n    match.run(runner.context)\n    ~~~~~~~~~^^^^^^^^^^^^^^^^\n  File \"D:\\Balaji\\Company\\SpringerNature Nov 2025\\BDDFramework\\.venv\\Lib\\site-packages\\behave\\matchers.py\", line 105, in run\n    self.func(context, *args, **kwargs)\n    ~~~~~~~~~^^^^^^^^^^^^^^^^^^^^^^^^^^\n  File \"tests\\features\\steps\\login_steps.py\", line 34, in step_impl\n    assert_that(expected_value).is_equal_to(actual_value)\n    ~~~~~~~~~~~~~~~~~~~~~~~~~~~~~~~~~~~~~~~^^^^^^^^^^^^^^\n  File \"D:\\Balaji\\Company\\SpringerNature Nov 2025\\BDDFramework\\.venv\\Lib\\site-packages\\assertpy\\base.py\", line 126, in is_equal_to\n    self.error('Expected <%s> to be equal to <%s>, but was not.' % (self.val, other))\n    ~~~~~~~~~~^^^^^^^^^^^^^^^^^^^^^^^^^^^^^^^^^^^^^^^^^^^^^^^^^^^^^^^^^^^^^^^^^^^^^^^\n  File \"D:\\Balaji\\Company\\SpringerNature Nov 2025\\BDDFramework\\.venv\\Lib\\site-packages\\assertpy\\assertpy.py\", line 433, in error\n    raise AssertionError(out)\n","steps":[{"name":"Given user opens browser with OrangeHRM application","time":{"start":1765257800072,"stop":1765257803604,"duration":3532},"status":"passed","steps":[],"attachments":[],"parameters":[],"attachmentsCount":0,"shouldDisplayMessage":false,"stepsCount":0,"hasContent":false,"attachmentStep":false},{"name":"When user enter the username as \"Admin\"","time":{"start":1765257803605,"stop":1765257804188,"duration":583},"status":"passed","steps":[],"attachments":[],"parameters":[],"attachmentsCount":0,"shouldDisplayMessage":false,"stepsCount":0,"hasContent":false,"attachmentStep":false},{"name":"And user enter the password as \"admin123\"","time":{"start":1765257804189,"stop":1765257804327,"duration":138},"status":"passed","steps":[],"attachments":[],"parameters":[],"attachmentsCount":0,"shouldDisplayMessage":false,"stepsCount":0,"hasContent":false,"attachmentStep":false},{"name":"And user clicks on login","time":{"start":1765257804328,"stop":1765257804458,"duration":130},"status":"passed","steps":[],"attachments":[],"parameters":[],"attachmentsCount":0,"shouldDisplayMessage":false,"stepsCount":0,"hasContent":false,"attachmentStep":false},{"name":"Then user should get access to dashboard with header as \"Quick Launch77\"","time":{"start":1765257804459,"stop":1765257807159,"duration":2700},"status":"failed","statusMessage":"AssertionError: Expected <Quick Launch77> to be equal to <Quick Launch>, but was not.\n","statusTrace":"  File \"D:\\Balaji\\Company\\SpringerNature Nov 2025\\BDDFramework\\.venv\\Lib\\site-packages\\behave\\model.py\", line 1991, in run\n    match.run(runner.context)\n    ~~~~~~~~~^^^^^^^^^^^^^^^^\n  File \"D:\\Balaji\\Company\\SpringerNature Nov 2025\\BDDFramework\\.venv\\Lib\\site-packages\\behave\\matchers.py\", line 105, in run\n    self.func(context, *args, **kwargs)\n    ~~~~~~~~~^^^^^^^^^^^^^^^^^^^^^^^^^^\n  File \"tests\\features\\steps\\login_steps.py\", line 34, in step_impl\n    assert_that(expected_value).is_equal_to(actual_value)\n    ~~~~~~~~~~~~~~~~~~~~~~~~~~~~~~~~~~~~~~~^^^^^^^^^^^^^^\n  File \"D:\\Balaji\\Company\\SpringerNature Nov 2025\\BDDFramework\\.venv\\Lib\\site-packages\\assertpy\\base.py\", line 126, in is_equal_to\n    self.error('Expected <%s> to be equal to <%s>, but was not.' % (self.val, other))\n    ~~~~~~~~~~^^^^^^^^^^^^^^^^^^^^^^^^^^^^^^^^^^^^^^^^^^^^^^^^^^^^^^^^^^^^^^^^^^^^^^^\n  File \"D:\\Balaji\\Company\\SpringerNature Nov 2025\\BDDFramework\\.venv\\Lib\\site-packages\\assertpy\\assertpy.py\", line 433, in error\n    raise AssertionError(out)\n","steps":[],"attachments":[{"uid":"cf627bc6617d86e9","name":"step_failure_user should get access to dashboard with header as \"Quick Launch77\"","source":"cf627bc6617d86e9.png","type":"image/png","size":169293}],"parameters":[],"attachmentsCount":1,"shouldDisplayMessage":true,"stepsCount":0,"hasContent":true,"attachmentStep":false}],"attachments":[{"uid":"6ce85c832761c1d8","name":"failure_screenshot","source":"6ce85c832761c1d8.png","type":"image/png","size":171552},{"uid":"40ca5771aedbfa84","name":"page_source","source":"40ca5771aedbfa84.html","type":"text/html","size":342635},{"uid":"8496fed19112e41d","name":"current_url","source":"8496fed19112e41d.txt","type":"text/plain","size":71}],"parameters":[],"attachmentsCount":4,"shouldDisplayMessage":false,"stepsCount":5,"hasContent":true,"attachmentStep":false},"afterStages":[],"labels":[{"name":"severity","value":"normal"},{"name":"tag","value":"login"},{"name":"tag","value":"positive"},{"name":"tag","value":"regression"},{"name":"tag","value":"smoke"},{"name":"tag","value":"valid"},{"name":"feature","value":"Login"},{"name":"framework","value":"behave"},{"name":"language","value":"cpython3"},{"name":"resultFormat","value":"allure2"}],"parameters":[],"links":[],"hidden":false,"retry":false,"extra":{"severity":"normal","retries":[{"uid":"c908173bb7092393","status":"failed","statusDetails":"AssertionError: Expected <Quick Launch77> to be equal to <Quick Launch>, but was not.\n","time":{"start":1765255041575,"stop":1765255051280,"duration":9705}},{"uid":"f498f1ca7deb7bb5","status":"failed","statusDetails":"AssertionError: Expected <Quick Launch77> to be equal to <Quick Launch>, but was not.\n","time":{"start":1765254678471,"stop":1765254687654,"duration":9183}}],"categories":[{"name":"Product defects","matchedStatuses":[]}],"tags":["valid","regression","smoke","positive","login"]},"source":"b93ca29323016dca.json","parameterValues":[]}